<?xml version="1.0" encoding="UTF-8"?>
<!-- Generated by org.testng.reporters.JUnitReportReporter -->
<testsuite hostname="WIN-FO8P8688G06" failures="0" tests="1" name="com.example.AppTest" time="0.109" errors="0" timestamp="2025-09-24T11:15:02 IST" skipped="0">
  <testcase classname="com.example.AppTest" name="testsubstraction" time="0.109"/>
  <system-out/>
</testsuite> <!-- com.example.AppTest -->
